Jan 20, 2021 4:17:18 PM project3.MovieReviewApp lambda$createTopPanel$1
INFO: Command chosen, Item - Please select...
Jan 20, 2021 4:17:18 PM project3.MovieReviewApp lambda$createTopPanel$1
INFO: StateChange = 2
Jan 20, 2021 4:17:18 PM project3.MovieReviewApp lambda$createTopPanel$1
INFO: Command chosen, Item -  3. Search movie reviews in database by id.
Jan 20, 2021 4:17:18 PM project3.MovieReviewApp lambda$createTopPanel$1
INFO: StateChange = 1
Jan 20, 2021 4:17:24 PM project3.MovieReviewApp lambda$searchReviewsId$12
INFO: Search button clicked. (Command 3)
Jan 20, 2021 4:17:33 PM project3.MovieReviewApp lambda$createTopPanel$1
INFO: Command chosen, Item -  3. Search movie reviews in database by id.
Jan 20, 2021 4:17:33 PM project3.MovieReviewApp lambda$createTopPanel$1
INFO: StateChange = 2
Jan 20, 2021 4:17:33 PM project3.MovieReviewApp lambda$createTopPanel$1
INFO: Command chosen, Item -  1. Load new movie review collection (given a folder or a file path).
Jan 20, 2021 4:17:33 PM project3.MovieReviewApp lambda$createTopPanel$1
INFO: StateChange = 1
Jan 20, 2021 4:18:24 PM project3.MovieReviewApp lambda$loadReviews$6
INFO: Command chosen, Item = Please select:
Jan 20, 2021 4:18:24 PM project3.MovieReviewApp lambda$loadReviews$6
INFO: StateChange = 2
Jan 20, 2021 4:18:24 PM project3.MovieReviewApp lambda$loadReviews$6
INFO: Command chosen, Item = Negative
Jan 20, 2021 4:18:24 PM project3.MovieReviewApp lambda$loadReviews$6
INFO: StateChange = 1
Jan 20, 2021 4:18:27 PM project3.MovieReviewApp lambda$loadReviews$8
INFO: Confirm button clicked. (Command 1)
Jan 20, 2021 4:18:43 PM project3.MovieReviewApp lambda$createTopPanel$3
INFO: database button clicked.
Jan 20, 2021 4:19:00 PM project3.MovieReviewApp lambda$loadReviews$6
INFO: Command chosen, Item = Negative
Jan 20, 2021 4:19:00 PM project3.MovieReviewApp lambda$loadReviews$6
INFO: StateChange = 2
Jan 20, 2021 4:19:00 PM project3.MovieReviewApp lambda$loadReviews$6
INFO: Command chosen, Item = Positive
Jan 20, 2021 4:19:00 PM project3.MovieReviewApp lambda$loadReviews$6
INFO: StateChange = 1
Jan 20, 2021 4:19:02 PM project3.MovieReviewApp lambda$loadReviews$8
INFO: Confirm button clicked. (Command 1)
Jan 20, 2021 4:19:07 PM project3.MovieReviewApp lambda$createTopPanel$3
INFO: database button clicked.
Jan 20, 2021 4:19:17 PM project3.MovieReviewApp lambda$createTopPanel$1
INFO: Command chosen, Item -  1. Load new movie review collection (given a folder or a file path).
Jan 20, 2021 4:19:17 PM project3.MovieReviewApp lambda$createTopPanel$1
INFO: StateChange = 2
Jan 20, 2021 4:19:17 PM project3.MovieReviewApp lambda$createTopPanel$1
INFO: Command chosen, Item -  4. Search movie reviews in database by substring.
Jan 20, 2021 4:19:17 PM project3.MovieReviewApp lambda$createTopPanel$1
INFO: StateChange = 1
Jan 20, 2021 4:19:21 PM project3.MovieReviewApp lambda$searchReviewsSubstring$14
INFO: Search button clicked. (Command 4)
Jan 20, 2021 4:20:49 PM project3.MovieReviewApp lambda$searchReviewsSubstring$14
INFO: Search button clicked. (Command 4)
Jan 20, 2021 4:21:04 PM project3.MovieReviewApp lambda$createTopPanel$1
INFO: Command chosen, Item -  4. Search movie reviews in database by substring.
Jan 20, 2021 4:21:04 PM project3.MovieReviewApp lambda$createTopPanel$1
INFO: StateChange = 2
Jan 20, 2021 4:21:04 PM project3.MovieReviewApp lambda$createTopPanel$1
INFO: Command chosen, Item -  3. Search movie reviews in database by id.
Jan 20, 2021 4:21:04 PM project3.MovieReviewApp lambda$createTopPanel$1
INFO: StateChange = 1
Jan 20, 2021 4:21:08 PM project3.MovieReviewApp lambda$searchReviewsId$12
INFO: Search button clicked. (Command 3)
Jan 20, 2021 4:21:12 PM project3.MovieReviewApp lambda$searchReviewsId$12
INFO: Search button clicked. (Command 3)
Jan 20, 2021 4:21:16 PM project3.MovieReviewApp lambda$searchReviewsId$12
INFO: Search button clicked. (Command 3)
Jan 20, 2021 4:21:25 PM project3.MovieReviewApp lambda$createTopPanel$3
INFO: database button clicked.
Jan 20, 2021 4:21:45 PM project3.MovieReviewApp$2 windowClosing
INFO: Closing window.
Jan 20, 2021 4:21:45 PM project3.MovieReviewApp$2 windowClosing
INFO: Saving database.
Jan 20, 2021 4:21:45 PM project3.MovieReviewApp$2 windowClosing
INFO: System shutdown.
